<?xml version="1.0" encoding="UTF-8"?>
<!-- Generated by org.testng.reporters.JUnitReportReporter -->
<testsuite hostname="IBM-PF3PER6V" failures="0" tests="1" name="testcases.DataCompare" time="1.826" errors="0" timestamp="2022-12-14T14:32:44 IST" skipped="0">
  <testcase classname="testcases.DataCompare" name="result" time="1.826"/>
  <system-out/>
</testsuite> <!-- testcases.DataCompare -->
