<?xml version="1.0" encoding="UTF-8"?>
<!-- Generated by org.testng.reporters.JUnitReportReporter -->
<testsuite hostname="IBM-PF3PER6V" failures="0" tests="1" name="testcases.FileUpload" time="20.788" errors="0" timestamp="2022-12-14T11:04:03 IST" skipped="0">
  <testcase classname="testcases.FileUpload" name="testCase1" time="20.788"/>
  <system-out/>
</testsuite> <!-- testcases.FileUpload -->
